[debug] [2025-11-07T21:26:25.827Z] ----------------------------------------------------------------------
[debug] [2025-11-07T21:26:25.828Z] Command:       /home/skunian/.nvm/versions/node/v20.12.0/bin/node /home/skunian/.nvm/versions/node/v20.12.0/bin/firebase projects:list
[debug] [2025-11-07T21:26:25.829Z] CLI Version:   14.24.1
[debug] [2025-11-07T21:26:25.829Z] Platform:      linux
[debug] [2025-11-07T21:26:25.829Z] Node Version:  v20.12.0
[debug] [2025-11-07T21:26:25.829Z] Time:          Fri Nov 07 2025 16:26:25 GMT-0500 (Eastern Standard Time)
[debug] [2025-11-07T21:26:25.829Z] ----------------------------------------------------------------------
[debug] 
[debug] [2025-11-07T21:26:25.832Z] > command requires scopes: ["email","openid","https://www.googleapis.com/auth/cloudplatformprojects.readonly","https://www.googleapis.com/auth/firebase","https://www.googleapis.com/auth/cloud-platform"]
[debug] [2025-11-07T21:26:25.832Z] > authorizing via signed-in user (scottkunian@gmail.com)
[debug] [2025-11-07T21:26:25.834Z] Checked if tokens are valid: true, expires at: 1762554268107
[debug] [2025-11-07T21:26:25.834Z] Checked if tokens are valid: true, expires at: 1762554268107
[debug] [2025-11-07T21:26:25.835Z] >>> [apiv2][query] GET https://firebase.googleapis.com/v1beta1/projects pageSize=1000
[debug] [2025-11-07T21:26:25.858Z] *** [apiv2] error from fetch(https://firebase.googleapis.com/v1beta1/projects?pageSize=1000, {"headers":{},"method":"GET","signal":{"reason":""}}): FetchError: request to https://firebase.googleapis.com/v1beta1/projects?pageSize=1000 failed, reason: getaddrinfo EAI_AGAIN firebase.googleapis.com
[debug] [2025-11-07T21:26:25.858Z] Failed to make request to https://firebase.googleapis.com/v1beta1/projects?pageSize=1000
[debug] [2025-11-07T21:26:25.863Z] FirebaseError: Failed to make request to https://firebase.googleapis.com/v1beta1/projects?pageSize=1000
    at RetryOperation._fn (/home/skunian/.nvm/versions/node/v20.12.0/lib/node_modules/firebase-tools/lib/apiv2.js:271:31)
    at process.processTicksAndRejections (node:internal/process/task_queues:95:5)
[error] 
[error] Error: Failed to list Firebase projects. See firebase-debug.log for more info.
[debug] [2025-11-07T21:26:26.121Z] Error: EACCES: permission denied, open '/home/skunian/.config/configstore/firebase-tools.json.1655081482'
You don't have access to this file.

    at Object.openSync (node:fs:582:18)
    at Function.writeFileSync [as sync] (/home/skunian/.nvm/versions/node/v20.12.0/lib/node_modules/firebase-tools/node_modules/write-file-atomic/index.js:205:13)
    at set all [as all] (/home/skunian/.nvm/versions/node/v20.12.0/lib/node_modules/firebase-tools/node_modules/configstore/index.js:61:20)
    at Configstore.delete (/home/skunian/.nvm/versions/node/v20.12.0/lib/node_modules/firebase-tools/node_modules/configstore/index.js:101:12)
    at process.<anonymous> (/home/skunian/.nvm/versions/node/v20.12.0/lib/node_modules/firebase-tools/lib/bin/cli.js:65:45)
    at process.emit (node:events:530:35)
    at process.exit (node:internal/process/per_thread:187:15)
    at Timeout._onTimeout (/home/skunian/.nvm/versions/node/v20.12.0/lib/node_modules/firebase-tools/lib/errorOut.js:20:17)
    at listOnTimeout (node:internal/timers:573:17)
    at process.processTimers (node:internal/timers:514:7)
[error] 
[error] Error: An unexpected error has occurred.
